2026-07-14T23:31:06.754Z [STDOUT] [youtube] Extracting URL: https://www.youtube.com/watch?v=hjWf8A0YNSE
2026-07-14T23:31:06.766Z [STDOUT] [youtube] hjWf8A0YNSE: Downloading webpage
2026-07-14T23:31:12.347Z [STDERR] WARNING: [youtube] No supported JavaScript runtime could be found. Only deno is enabled by default; to use another runtime add  --js-runtimes RUNTIME[:PATH]  to your command/config. YouTube extraction without a JS runtime has been deprecated, and some formats may be missing. See  https://github.com/yt-dlp/yt-dlp/wiki/EJS  for details on installing one
2026-07-14T23:31:12.359Z [STDOUT] [youtube] hjWf8A0YNSE: Downloading android vr player API JSON
2026-07-14T23:31:13.373Z [STDOUT] [info] hjWf8A0YNSE: Downloading 1 format(s): 251
2026-07-14T23:31:13.470Z [STDOUT] [info] There are no subtitles for the requested languages
2026-07-14T23:31:13.742Z [STDOUT] [download] Destination: d:\my workspace\Personal_Tools\Gan_Downloader\downloads\Guru Randhawa High Rated Gabru Official Song  DirectorGifty  Bhushan Kumar  T-Series.webm
2026-07-14T23:31:13.751Z [STDOUT] [download]   0.0% of    3.54MiB at  231.81KiB/s ETA 00:15
2026-07-14T23:31:13.773Z [STDOUT] [download]   0.1% of    3.54MiB at  293.87KiB/s ETA 00:12
2026-07-14T23:31:13.774Z [STDOUT] [download]   0.2% of    3.54MiB at  193.61KiB/s ETA 00:18
2026-07-14T23:31:13.775Z [STDOUT] [download]   0.4% of    3.54MiB at  407.04KiB/s ETA 00:08
2026-07-14T23:31:13.822Z [STDOUT] [download]   0.9% of    3.54MiB at  827.89KiB/s ETA 00:04
2026-07-14T23:31:13.835Z [STDOUT] [download]   1.7% of    3.54MiB at  748.67KiB/s ETA 00:04
2026-07-14T23:31:13.871Z [STDOUT] [download]   3.5% of    3.54MiB at    1.14MiB/s ETA 00:02
2026-07-14T23:31:13.889Z [STDOUT] [download]   7.0% of    3.54MiB at    1.65MiB/s ETA 00:01
2026-07-14T23:31:13.954Z [STDOUT] [download]  14.1% of    3.54MiB at    2.34MiB/s ETA 00:01
2026-07-14T23:31:14.043Z [STDOUT] [download]  28.2% of    3.54MiB at    3.27MiB/s ETA 00:00
2026-07-14T23:31:14.171Z [STDOUT] [download]  56.5% of    3.54MiB at    4.61MiB/s ETA 00:00
2026-07-14T23:31:14.426Z [STDOUT] [download] 100.0% of    3.54MiB at    5.14MiB/s ETA 00:00
2026-07-14T23:31:14.462Z [STDOUT] [download] Unable to rename file: [WinError 32] The process cannot access the file because it is being used by another process: 'd:\\my workspace\\Personal_Tools\\Gan_Downloader\\downloads\\Guru Randhawa High Rated Gabru Official Song  DirectorGifty  Bhushan Kumar  T-Series.webm.part' -> 'd:\\my workspace\\Personal_Tools\\Gan_Downloader\\downloads\\Guru Randhawa High Rated Gabru Official Song  DirectorGifty  Bhushan Kumar  T-Series.webm'. Retrying (1/3)...
2026-07-14T23:31:14.506Z [STDOUT] [download] Unable to rename file: [WinError 32] The process cannot access the file because it is being used by another process: 'd:\\my workspace\\Personal_Tools\\Gan_Downloader\\downloads\\Guru Randhawa High Rated Gabru Official Song  DirectorGifty  Bhushan Kumar  T-Series.webm.part' -> 'd:\\my workspace\\Personal_Tools\\Gan_Downloader\\downloads\\Guru Randhawa High Rated Gabru Official Song  DirectorGifty  Bhushan Kumar  T-Series.webm'. Retrying (2/3)...
2026-07-14T23:31:14.520Z [STDOUT] [download] Unable to rename file: [WinError 32] The process cannot access the file because it is being used by another process: 'd:\\my workspace\\Personal_Tools\\Gan_Downloader\\downloads\\Guru Randhawa High Rated Gabru Official Song  DirectorGifty  Bhushan Kumar  T-Series.webm.part' -> 'd:\\my workspace\\Personal_Tools\\Gan_Downloader\\downloads\\Guru Randhawa High Rated Gabru Official Song  DirectorGifty  Bhushan Kumar  T-Series.webm'. Retrying (3/3)...
2026-07-14T23:31:14.522Z [STDERR] ERROR: Unable to rename file: [WinError 32] The process cannot access the file because it is being used by another process: 'd:\\my workspace\\Personal_Tools\\Gan_Downloader\\downloads\\Guru Randhawa High Rated Gabru Official Song  DirectorGifty  Bhushan Kumar  T-Series.webm.part' -> 'd:\\my workspace\\Personal_Tools\\Gan_Downloader\\downloads\\Guru Randhawa High Rated Gabru Official Song  DirectorGifty  Bhushan Kumar  T-Series.webm'. Giving up after 3 retries
2026-07-14T23:31:14.522Z [STDOUT] [download] 100% of    3.54MiB in 00:00:01 at 3.48MiB/s
2026-07-14T23:31:15.057Z [STDERR] ERROR: Postprocessing: WARNING: unable to obtain file audio codec with ffprobe
