2026-07-14T23:31:19.901Z [STDOUT] [youtube] Extracting URL: https://www.youtube.com/watch?v=z-ZEHL4Df-A
2026-07-14T23:31:19.902Z [STDOUT] [youtube] z-ZEHL4Df-A: Downloading webpage
2026-07-14T23:31:24.869Z [STDERR] WARNING: [youtube] No supported JavaScript runtime could be found. Only deno is enabled by default; to use another runtime add  --js-runtimes RUNTIME[:PATH]  to your command/config. YouTube extraction without a JS runtime has been deprecated, and some formats may be missing. See  https://github.com/yt-dlp/yt-dlp/wiki/EJS  for details on installing one
2026-07-14T23:31:24.878Z [STDOUT] [youtube] z-ZEHL4Df-A: Downloading android vr player API JSON
2026-07-14T23:31:25.557Z [STDOUT] [info] z-ZEHL4Df-A: Downloading 1 format(s): 251
2026-07-14T23:31:25.574Z [STDOUT] [info] There are no subtitles for the requested languages
2026-07-14T23:31:25.819Z [STDOUT] [download] Destination: d:\my workspace\Personal_Tools\Gan_Downloader\downloads\Patola Video Song  Blackmail  Irrfan Khan & Kirti Kulhari  Guru Randhawa.webm
2026-07-14T23:31:25.821Z [STDOUT] [download]   0.0% of    2.37MiB at   78.01KiB/s ETA 00:31
2026-07-14T23:31:25.822Z [STDOUT] [download]   0.1% of    2.37MiB at  211.92KiB/s ETA 00:11
2026-07-14T23:31:25.823Z [STDOUT] [download]   0.3% of    2.37MiB at  415.69KiB/s ETA 00:05
2026-07-14T23:31:25.824Z [STDOUT] [download]   0.6% of    2.37MiB at  862.98KiB/s ETA 00:02
2026-07-14T23:31:25.853Z [STDOUT] [download]   1.3% of    2.37MiB at  675.46KiB/s ETA 00:03
2026-07-14T23:31:25.879Z [STDOUT] [download]   2.6% of    2.37MiB at  883.92KiB/s ETA 00:02
2026-07-14T23:31:25.927Z [STDOUT] [download]   5.2% of    2.37MiB at    1.04MiB/s ETA 00:02
2026-07-14T23:31:25.990Z [STDOUT] [download]  10.5% of    2.37MiB at    1.36MiB/s ETA 00:01
2026-07-14T23:31:26.052Z [STDOUT] [download]  21.0% of    2.37MiB at    2.03MiB/s ETA 00:00
2026-07-14T23:31:26.150Z [STDOUT] [download]  42.1% of    2.37MiB at    2.91MiB/s ETA 00:00
2026-07-14T23:31:26.367Z [STDOUT] [download]  84.2% of    2.37MiB at    3.57MiB/s ETA 00:00
2026-07-14T23:31:26.427Z [STDOUT] [download] 100.0% of    2.37MiB at    3.83MiB/s ETA 00:00
2026-07-14T23:31:26.439Z [STDOUT] [download] 100% of    2.37MiB in 00:00:00 at 2.80MiB/s
2026-07-14T23:31:26.818Z [STDOUT] [ExtractAudio] Destination: d:\my workspace\Personal_Tools\Gan_Downloader\downloads\Patola Video Song  Blackmail  Irrfan Khan & Kirti Kulhari  Guru Randhawa.mp3
2026-07-14T23:31:30.481Z [STDOUT] Deleting original file d:\my workspace\Personal_Tools\Gan_Downloader\downloads\Patola Video Song  Blackmail  Irrfan Khan & Kirti Kulhari  Guru Randhawa.webm (pass -k to keep)
2026-07-14T23:31:30.494Z [STDOUT] [EmbedSubtitle] Subtitles can only be embedded in mp4, mov, m4a, webm, mkv, mka files
